Using pre-set license
Built from '2021.1/staging' branch; Version is '2021.1.2f1 (e5d502d80fbb) revision 15062274'; Using compiler version '192528614'; Build Type 'Release'
OS: 'Windows 10 Home; OS build 19043.1348; Version 2009; 64bit' Language: 'en' Physical Memory: 8130 MB
BatchMode: 1, IsHumanControllingUs: 0, StartBugReporterOnCrash: 0, Is64bit: 1, IsPro: 0

 COMMAND LINE ARGUMENTS:
C:\Program Files\Unity\Hub\Editor\2021.1.2f1\Editor\Unity.exe
-adb2
-batchMode
-noUpm
-name
AssetImportWorker0
-projectPath
F:/UnityProjects/EggsellentAdventure
-logFile
Logs/AssetImportWorker0.log
-srvPort
50665
Successfully changed project path to: F:/UnityProjects/EggsellentAdventure
F:/UnityProjects/EggsellentAdventure
Using Asset Import Pipeline V2.
Refreshing native plugins compatible for Editor in 79.14 ms, found 1 plugins.
Preloading 0 native plugins for Editor in 0.00 ms.
Initialize engine version: 2021.1.2f1 (e5d502d80fbb)
[Subsystems] Discovering subsystems at path C:/Program Files/Unity/Hub/Editor/2021.1.2f1/Editor/Data/Resources/UnitySubsystems
[Subsystems] Discovering subsystems at path F:/UnityProjects/EggsellentAdventure/Assets
GfxDevice: creating device client; threaded=0; jobified=0
Direct3D:
    Version:  Direct3D 11.0 [level 11.1]
    Renderer: NVIDIA GeForce GTX 1660 SUPER (ID=0x21c4)
    Vendor:   NVIDIA
    VRAM:     5992 MB
    Driver:   27.21.14.5671
Initialize mono
Mono path[0] = 'C:/Program Files/Unity/Hub/Editor/2021.1.2f1/Editor/Data/Managed'
Mono path[1] = 'C:/Program Files/Unity/Hub/Editor/2021.1.2f1/Editor/Data/MonoBleedingEdge/lib/mono/unityjit'
Mono config path = 'C:/Program Files/Unity/Hub/Editor/2021.1.2f1/Editor/Data/MonoBleedingEdge/etc'
Using monoOptions --debugger-agent=transport=dt_socket,embedding=1,server=y,suspend=n,address=127.0.0.1:56084
Begin MonoManager ReloadAssembly
Registering precompiled unity dll's ...
Register platform support module: C:/Program Files/Unity/Hub/Editor/2021.1.2f1/Editor/Data/PlaybackEngines/WebGLSupport/UnityEditor.WebGL.Extensions.dll
Register platform support module: C:/Program Files/Unity/Hub/Editor/2021.1.2f1/Editor/Data/PlaybackEngines/MacStandaloneSupport/UnityEditor.OSXStandalone.Extensions.dll
Register platform support module: C:/Program Files/Unity/Hub/Editor/2021.1.2f1/Editor/Data/PlaybackEngines/WindowsStandaloneSupport/UnityEditor.WindowsStandalone.Extensions.dll
Registered in 0.002279 seconds.
Native extension for WindowsStandalone target not found
Native extension for OSXStandalone target not found
Native extension for WebGL target not found
Refreshing native plugins compatible for Editor in 77.06 ms, found 1 plugins.
Preloading 0 native plugins for Editor in 0.00 ms.
Mono: successfully reloaded assembly
- Completed reload, in  1.580 seconds
Platform modules already initialized, skipping
Registering precompiled user dll's ...
Registered in 0.003445 seconds.
Begin MonoManager ReloadAssembly
Native extension for WindowsStandalone target not found
Native extension for OSXStandalone target not found
Native extension for WebGL target not found
Refreshing native plugins compatible for Editor in 0.73 ms, found 1 plugins.
Preloading 0 native plugins for Editor in 0.00 ms.
Mono: successfully reloaded assembly
- Completed reload, in  0.929 seconds
Platform modules already initialized, skipping
========================================================================
Worker process is ready to serve import requests
Launched and connected shader compiler UnityShaderCompiler.exe after 0.03 seconds
Refreshing native plugins compatible for Editor in 0.73 ms, found 1 plugins.
Preloading 0 native plugins for Editor in 0.00 ms.
Unloading 3217 Unused Serialized files (Serialized files now loaded: 0)
System memory in use before: 116.8 MB.
System memory in use after: 117.0 MB.

Unloading 48 unused Assets to reduce memory usage. Loaded Objects now: 3647.
Total: 5.956800 ms (FindLiveObjects: 0.531800 ms CreateObjectMapping: 0.389100 ms MarkObjects: 4.950700 ms  DeleteObjects: 0.083000 ms)

========================================================================
Received Import Request.
  path: Assets/Animators/Chicken.controller
  artifactKey: Guid(11742a43f1bf4a747936d3cb8bf3cb1c) Importer(815301076,1909f56bfc062723c751e8b465ee728b)
Start importing Assets/Animators/Chicken.controller using Guid(11742a43f1bf4a747936d3cb8bf3cb1c) Importer(815301076,1909f56bfc062723c751e8b465ee728b)  -> (artifact id: '21b94b78bf210128b9553a2e82ef4982') in 0.062859 seconds 
========================================================================
Received Import Request.
  Time since last request: 9.208512 seconds.
  path: Assets/Animators/Chicken 1.controller
  artifactKey: Guid(a871e7a527c68d849879f25f7a29d2a2) Importer(815301076,1909f56bfc062723c751e8b465ee728b)
Start importing Assets/Animators/Chicken 1.controller using Guid(a871e7a527c68d849879f25f7a29d2a2) Importer(815301076,1909f56bfc062723c751e8b465ee728b)  -> (artifact id: '2aca5997ab7e248317014a0fb9282c7e') in 0.038028 seconds 
========================================================================
Received Import Request.
  Time since last request: 9.702647 seconds.
  path: Assets/Animators/FoodToss2.controller
  artifactKey: Guid(a871e7a527c68d849879f25f7a29d2a2) Importer(815301076,1909f56bfc062723c751e8b465ee728b)
Start importing Assets/Animators/FoodToss2.controller using Guid(a871e7a527c68d849879f25f7a29d2a2) Importer(815301076,1909f56bfc062723c751e8b465ee728b)  -> (artifact id: '0193a806843dbd1a485c6f9af50d7f38') in 0.037928 seconds 
========================================================================
Received Import Request.
  Time since last request: 859.971729 seconds.
  path: Assets/Animators/FoodRamp.anim
  artifactKey: Guid(532935dcb313b2344b81fe54ef5949b8) Importer(815301076,1909f56bfc062723c751e8b465ee728b)
Start importing Assets/Animators/FoodRamp.anim using Guid(532935dcb313b2344b81fe54ef5949b8) Importer(815301076,1909f56bfc062723c751e8b465ee728b)  -> (artifact id: 'c9d9aaf1a1a7bcc25d868db872a33715') in 0.008958 seconds 
========================================================================
Received Import Request.
  Time since last request: 2.775496 seconds.
  path: Assets/Animators/FoodToss2.controller
  artifactKey: Guid(a871e7a527c68d849879f25f7a29d2a2) Importer(815301076,1909f56bfc062723c751e8b465ee728b)
Start importing Assets/Animators/FoodToss2.controller using Guid(a871e7a527c68d849879f25f7a29d2a2) Importer(815301076,1909f56bfc062723c751e8b465ee728b)  -> (artifact id: 'c64091e9f918c0bf79c7b9722377e744') in 0.006050 seconds 
========================================================================
Received Import Request.
  Time since last request: 99.892579 seconds.
  path: Assets/Animators/FoodToss2.controller
  artifactKey: Guid(a871e7a527c68d849879f25f7a29d2a2) Importer(815301076,1909f56bfc062723c751e8b465ee728b)
Start importing Assets/Animators/FoodToss2.controller using Guid(a871e7a527c68d849879f25f7a29d2a2) Importer(815301076,1909f56bfc062723c751e8b465ee728b)  -> (artifact id: '5551d8d9bf47f4773d91624f97e197a8') in 0.004260 seconds 
========================================================================
Received Import Request.
  Time since last request: 381.000960 seconds.
  path: Assets/Resources
  artifactKey: Guid(bb2924c80450f6a4a918678fc01137ec) Importer(815301076,1909f56bfc062723c751e8b465ee728b)
Start importing Assets/Resources using Guid(bb2924c80450f6a4a918678fc01137ec) Importer(815301076,1909f56bfc062723c751e8b465ee728b)  -> (artifact id: '214b75a5ec083a4cde23a1183129cfe4') in 0.009403 seconds 
========================================================================
Received Import Request.
  Time since last request: 597.393788 seconds.
  path: Assets/Prefabs/FoodDispenser.prefab
  artifactKey: Guid(7256864acfd42704f8d02ee09edcdbba) Importer(815301076,1909f56bfc062723c751e8b465ee728b)
Start importing Assets/Prefabs/FoodDispenser.prefab using Guid(7256864acfd42704f8d02ee09edcdbba) Importer(815301076,1909f56bfc062723c751e8b465ee728b)  -> (artifact id: '53224b8a2438a3c549109bc07dba3a25') in 0.077596 seconds 
========================================================================
Received Import Request.
  Time since last request: 475.059184 seconds.
  path: Assets/Animators/LidOpening.anim
  artifactKey: Guid(cf12af1c8d0e1b245bee5d849417cfbe) Importer(815301076,1909f56bfc062723c751e8b465ee728b)
Start importing Assets/Animators/LidOpening.anim using Guid(cf12af1c8d0e1b245bee5d849417cfbe) Importer(815301076,1909f56bfc062723c751e8b465ee728b)  -> (artifact id: 'b6845bf4c7dcb524e8f5b60db1dfa66e') in 0.008772 seconds 
========================================================================
Received Import Request.
  Time since last request: 46.910399 seconds.
  path: Assets/Animators/Hinge.controller
  artifactKey: Guid(d29fa42392b9fe743b5ae78b9ab62140) Importer(815301076,1909f56bfc062723c751e8b465ee728b)
Start importing Assets/Animators/Hinge.controller using Guid(d29fa42392b9fe743b5ae78b9ab62140) Importer(815301076,1909f56bfc062723c751e8b465ee728b)  -> (artifact id: 'f6a2f722eae708a2290022b9bf237d2f') in 0.007515 seconds 
========================================================================
Received Import Request.
  Time since last request: 21.406879 seconds.
  path: Assets/Animators/Hinge.controller
  artifactKey: Guid(d29fa42392b9fe743b5ae78b9ab62140) Importer(815301076,1909f56bfc062723c751e8b465ee728b)
Start importing Assets/Animators/Hinge.controller using Guid(d29fa42392b9fe743b5ae78b9ab62140) Importer(815301076,1909f56bfc062723c751e8b465ee728b)  -> (artifact id: '241c6d07dbfcfc0682bb316dced60bc0') in 0.010263 seconds 
========================================================================
Received Import Request.
  Time since last request: 602.266977 seconds.
  path: Assets/Animators/Hinge.controller
  artifactKey: Guid(d29fa42392b9fe743b5ae78b9ab62140) Importer(815301076,1909f56bfc062723c751e8b465ee728b)
Start importing Assets/Animators/Hinge.controller using Guid(d29fa42392b9fe743b5ae78b9ab62140) Importer(815301076,1909f56bfc062723c751e8b465ee728b)  -> (artifact id: 'f4fa481d4afdf5a2f243e4a4c64feb38') in 0.004379 seconds 
========================================================================
Received Import Request.
  Time since last request: 154.221429 seconds.
  path: Assets/Animators/Hinge.controller
  artifactKey: Guid(d29fa42392b9fe743b5ae78b9ab62140) Importer(815301076,1909f56bfc062723c751e8b465ee728b)
Start importing Assets/Animators/Hinge.controller using Guid(d29fa42392b9fe743b5ae78b9ab62140) Importer(815301076,1909f56bfc062723c751e8b465ee728b)  -> (artifact id: '66668a2a4b954a9d90bb7cad4b117296') in 0.006102 seconds 
========================================================================
Received Import Request.
  Time since last request: 3.723701 seconds.
  path: Assets/Animators/LidClosing.anim
  artifactKey: Guid(1ff25946e75b5964f81629766b60af2c) Importer(815301076,1909f56bfc062723c751e8b465ee728b)
Start importing Assets/Animators/LidClosing.anim using Guid(1ff25946e75b5964f81629766b60af2c) Importer(815301076,1909f56bfc062723c751e8b465ee728b)  -> (artifact id: '008e19fc8a145b695c630039476b5276') in 0.009388 seconds 
========================================================================
Received Import Request.
  Time since last request: 112.868414 seconds.
  path: Assets/Animators/LidClosing.anim
  artifactKey: Guid(1ff25946e75b5964f81629766b60af2c) Importer(815301076,1909f56bfc062723c751e8b465ee728b)
Start importing Assets/Animators/LidClosing.anim using Guid(1ff25946e75b5964f81629766b60af2c) Importer(815301076,1909f56bfc062723c751e8b465ee728b)  -> (artifact id: '2ea9a0a772b71f7b81992ca55059ff88') in 0.004203 seconds 
========================================================================
Received Import Request.
  Time since last request: 154.478464 seconds.
  path: Assets/Animators/LidClosing.anim
  artifactKey: Guid(1ff25946e75b5964f81629766b60af2c) Importer(815301076,1909f56bfc062723c751e8b465ee728b)
Start importing Assets/Animators/LidClosing.anim using Guid(1ff25946e75b5964f81629766b60af2c) Importer(815301076,1909f56bfc062723c751e8b465ee728b)  -> (artifact id: 'a2103b36828e6e93f6afd9eed67dfc12') in 0.023986 seconds 
========================================================================
Received Import Request.
  Time since last request: 7.967879 seconds.
  path: Assets/Animators/LidClosing.anim
  artifactKey: Guid(1ff25946e75b5964f81629766b60af2c) Importer(815301076,1909f56bfc062723c751e8b465ee728b)
Start importing Assets/Animators/LidClosing.anim using Guid(1ff25946e75b5964f81629766b60af2c) Importer(815301076,1909f56bfc062723c751e8b465ee728b)  -> (artifact id: 'ef4b391d7ce3931f80c968581ecae2d8') in 0.018749 seconds 
========================================================================
Received Import Request.
  Time since last request: 7.334901 seconds.
  path: Assets/Animators/LidOpening.anim
  artifactKey: Guid(cf12af1c8d0e1b245bee5d849417cfbe) Importer(815301076,1909f56bfc062723c751e8b465ee728b)
Start importing Assets/Animators/LidOpening.anim using Guid(cf12af1c8d0e1b245bee5d849417cfbe) Importer(815301076,1909f56bfc062723c751e8b465ee728b)  -> (artifact id: '9876087791033c9f8f4a3fdbfcb6ab1e') in 0.021115 seconds 
========================================================================
Received Import Request.
  Time since last request: 10.785528 seconds.
  path: Assets/Animators/Hinge.controller
  artifactKey: Guid(d29fa42392b9fe743b5ae78b9ab62140) Importer(815301076,1909f56bfc062723c751e8b465ee728b)
Start importing Assets/Animators/Hinge.controller using Guid(d29fa42392b9fe743b5ae78b9ab62140) Importer(815301076,1909f56bfc062723c751e8b465ee728b)  -> (artifact id: 'c02998215203b94fad0f91058fd4d3f3') in 0.004248 seconds 
========================================================================
Received Import Request.
  Time since last request: 118.295981 seconds.
  path: Assets/Animators/Hinge.controller
  artifactKey: Guid(d29fa42392b9fe743b5ae78b9ab62140) Importer(815301076,1909f56bfc062723c751e8b465ee728b)
Start importing Assets/Animators/Hinge.controller using Guid(d29fa42392b9fe743b5ae78b9ab62140) Importer(815301076,1909f56bfc062723c751e8b465ee728b)  -> (artifact id: '9d300aedd6075784607d326207c5210f') in 0.006728 seconds 
========================================================================
Received Import Request.
  Time since last request: 99.633468 seconds.
  path: Assets/Scripts/FoodStation.cs
  artifactKey: Guid(42ab96524fbf59a44bcedaf07c508884) Importer(815301076,1909f56bfc062723c751e8b465ee728b)
Start importing Assets/Scripts/FoodStation.cs using Guid(42ab96524fbf59a44bcedaf07c508884) Importer(815301076,1909f56bfc062723c751e8b465ee728b)  -> (artifact id: '20e11d8592983aae1b8d8cb6a3d0470d') in 0.013796 seconds 
========================================================================
Received Import Request.
  Time since last request: 39.893153 seconds.
  path: Assets/Scripts/FoodStation.cs
  artifactKey: Guid(42ab96524fbf59a44bcedaf07c508884) Importer(815301076,1909f56bfc062723c751e8b465ee728b)
Start importing Assets/Scripts/FoodStation.cs using Guid(42ab96524fbf59a44bcedaf07c508884) Importer(815301076,1909f56bfc062723c751e8b465ee728b)  -> (artifact id: '1a9ff85bc2499bb884d08d0f31b30f9a') in 0.006288 seconds 
========================================================================
Received Import Request.
  Time since last request: 18.454815 seconds.
  path: Assets/Scripts/FoodStation.cs
  artifactKey: Guid(42ab96524fbf59a44bcedaf07c508884) Importer(815301076,1909f56bfc062723c751e8b465ee728b)
Start importing Assets/Scripts/FoodStation.cs using Guid(42ab96524fbf59a44bcedaf07c508884) Importer(815301076,1909f56bfc062723c751e8b465ee728b)  -> (artifact id: 'b6595f64138ca0933376c455d93c1d0c') in 0.010950 seconds 
========================================================================
Received Import Request.
  Time since last request: 83.469570 seconds.
  path: Assets/Scripts/FoodStation.cs
  artifactKey: Guid(42ab96524fbf59a44bcedaf07c508884) Importer(815301076,1909f56bfc062723c751e8b465ee728b)
Start importing Assets/Scripts/FoodStation.cs using Guid(42ab96524fbf59a44bcedaf07c508884) Importer(815301076,1909f56bfc062723c751e8b465ee728b)  -> (artifact id: '3732bd79ac0ced0ff034c34a224158b4') in 0.003634 seconds 
========================================================================
Received Import Request.
  Time since last request: 26.895392 seconds.
  path: Assets/Scripts/FoodStation.cs
  artifactKey: Guid(42ab96524fbf59a44bcedaf07c508884) Importer(815301076,1909f56bfc062723c751e8b465ee728b)
Start importing Assets/Scripts/FoodStation.cs using Guid(42ab96524fbf59a44bcedaf07c508884) Importer(815301076,1909f56bfc062723c751e8b465ee728b)  -> (artifact id: 'ff42bce2c194175a822409d633fd80b2') in 0.003892 seconds 
========================================================================
Received Import Request.
  Time since last request: 15.269757 seconds.
  path: Assets/Scripts/FoodStation.cs
  artifactKey: Guid(42ab96524fbf59a44bcedaf07c508884) Importer(815301076,1909f56bfc062723c751e8b465ee728b)
Start importing Assets/Scripts/FoodStation.cs using Guid(42ab96524fbf59a44bcedaf07c508884) Importer(815301076,1909f56bfc062723c751e8b465ee728b)  -> (artifact id: '220974f47cc652a3cbd2584ab4fb0dbb') in 0.004765 seconds 
========================================================================
Received Import Request.
  Time since last request: 20.421713 seconds.
  path: Assets/Scripts/FoodStation.cs
  artifactKey: Guid(42ab96524fbf59a44bcedaf07c508884) Importer(815301076,1909f56bfc062723c751e8b465ee728b)
Start importing Assets/Scripts/FoodStation.cs using Guid(42ab96524fbf59a44bcedaf07c508884) Importer(815301076,1909f56bfc062723c751e8b465ee728b)  -> (artifact id: '4d875e0a3d04ebbe208c861ac6c9cfe1') in 0.004586 seconds 
========================================================================
Received Import Request.
  Time since last request: 30.312469 seconds.
  path: Assets/Scripts/FoodStation.cs
  artifactKey: Guid(42ab96524fbf59a44bcedaf07c508884) Importer(815301076,1909f56bfc062723c751e8b465ee728b)
Start importing Assets/Scripts/FoodStation.cs using Guid(42ab96524fbf59a44bcedaf07c508884) Importer(815301076,1909f56bfc062723c751e8b465ee728b)  -> (artifact id: '72b33a6e5da8ec9843f52b43d0f221b8') in 0.005714 seconds 
========================================================================
Received Import Request.
  Time since last request: 44.860339 seconds.
  path: Assets/Scripts/FoodStation.cs
  artifactKey: Guid(42ab96524fbf59a44bcedaf07c508884) Importer(815301076,1909f56bfc062723c751e8b465ee728b)
Start importing Assets/Scripts/FoodStation.cs using Guid(42ab96524fbf59a44bcedaf07c508884) Importer(815301076,1909f56bfc062723c751e8b465ee728b)  -> (artifact id: '0d6edf363b984e50d2f932b63976d227') in 0.008845 seconds 
========================================================================
Received Import Request.
  Time since last request: 10.325051 seconds.
  path: Assets/Scripts/FoodStation.cs
  artifactKey: Guid(42ab96524fbf59a44bcedaf07c508884) Importer(815301076,1909f56bfc062723c751e8b465ee728b)
Start importing Assets/Scripts/FoodStation.cs using Guid(42ab96524fbf59a44bcedaf07c508884) Importer(815301076,1909f56bfc062723c751e8b465ee728b)  -> (artifact id: '05f4d0be337c3ead622830ea11eb2f9d') in 0.006421 seconds 
========================================================================
Received Import Request.
  Time since last request: 7.027453 seconds.
  path: Assets/Scripts/FoodStation.cs
  artifactKey: Guid(42ab96524fbf59a44bcedaf07c508884) Importer(815301076,1909f56bfc062723c751e8b465ee728b)
Start importing Assets/Scripts/FoodStation.cs using Guid(42ab96524fbf59a44bcedaf07c508884) Importer(815301076,1909f56bfc062723c751e8b465ee728b)  -> (artifact id: 'dbce15a069407b2ecde642c99984dee0') in 0.003422 seconds 
========================================================================
Received Import Request.
  Time since last request: 11.688210 seconds.
  path: Assets/Scripts/FoodStation.cs
  artifactKey: Guid(42ab96524fbf59a44bcedaf07c508884) Importer(815301076,1909f56bfc062723c751e8b465ee728b)
Start importing Assets/Scripts/FoodStation.cs using Guid(42ab96524fbf59a44bcedaf07c508884) Importer(815301076,1909f56bfc062723c751e8b465ee728b)  -> (artifact id: 'd83d6d7653f616d18a61629af27bba33') in 0.009641 seconds 
========================================================================
Received Import Request.
  Time since last request: 31.621598 seconds.
  path: Assets/Scripts/FoodStation.cs
  artifactKey: Guid(42ab96524fbf59a44bcedaf07c508884) Importer(815301076,1909f56bfc062723c751e8b465ee728b)
Start importing Assets/Scripts/FoodStation.cs using Guid(42ab96524fbf59a44bcedaf07c508884) Importer(815301076,1909f56bfc062723c751e8b465ee728b)  -> (artifact id: '0726f53c8253d9eaa88154d669b55a85') in 0.012092 seconds 
========================================================================
Received Import Request.
  Time since last request: 27.304099 seconds.
  path: Assets/Scripts/FoodStation.cs
  artifactKey: Guid(42ab96524fbf59a44bcedaf07c508884) Importer(815301076,1909f56bfc062723c751e8b465ee728b)
Start importing Assets/Scripts/FoodStation.cs using Guid(42ab96524fbf59a44bcedaf07c508884) Importer(815301076,1909f56bfc062723c751e8b465ee728b)  -> (artifact id: 'b28ae1be4d8e4d9b972ae632474ef8c1') in 0.003569 seconds 
========================================================================
Received Import Request.
  Time since last request: 4.533021 seconds.
  path: Assets/Scripts/FoodStation.cs
  artifactKey: Guid(42ab96524fbf59a44bcedaf07c508884) Importer(815301076,1909f56bfc062723c751e8b465ee728b)
Start importing Assets/Scripts/FoodStation.cs using Guid(42ab96524fbf59a44bcedaf07c508884) Importer(815301076,1909f56bfc062723c751e8b465ee728b)  -> (artifact id: 'f25eda29f8f7a7ae5b899f3086673e9d') in 0.007233 seconds 
========================================================================
Received Import Request.
  Time since last request: 31.903422 seconds.
  path: Assets/Scripts/FoodStation.cs
  artifactKey: Guid(42ab96524fbf59a44bcedaf07c508884) Importer(815301076,1909f56bfc062723c751e8b465ee728b)
Start importing Assets/Scripts/FoodStation.cs using Guid(42ab96524fbf59a44bcedaf07c508884) Importer(815301076,1909f56bfc062723c751e8b465ee728b)  -> (artifact id: 'd60704fbac39bf8489f19241aae4a43a') in 0.004133 seconds 
========================================================================
Received Import Request.
  Time since last request: 20.816137 seconds.
  path: Assets/Scripts/FoodStation.cs
  artifactKey: Guid(42ab96524fbf59a44bcedaf07c508884) Importer(815301076,1909f56bfc062723c751e8b465ee728b)
Start importing Assets/Scripts/FoodStation.cs using Guid(42ab96524fbf59a44bcedaf07c508884) Importer(815301076,1909f56bfc062723c751e8b465ee728b)  -> (artifact id: 'fd70ad21476b989983b7e65b8d40b488') in 0.011568 seconds 
========================================================================
Received Prepare
Registering precompiled user dll's ...
Registered in 0.021431 seconds.
Begin MonoManager ReloadAssembly
Native extension for WindowsStandalone target not found
Native extension for OSXStandalone target not found
Native extension for WebGL target not found
Refreshing native plugins compatible for Editor in 0.75 ms, found 1 plugins.
Preloading 0 native plugins for Editor in 0.00 ms.
Mono: successfully reloaded assembly
- Completed reload, in  1.020 seconds
Platform modules already initialized, skipping
Switching build target platform(19) subTarget(0) extendedPlatform(0) -> platform(13) subTarget(537395200) extendedPlatform(0)
Refreshing native plugins compatible for Editor in 0.74 ms, found 1 plugins.
Preloading 0 native plugins for Editor in 0.00 ms.
Unloading 3202 Unused Serialized files (Serialized files now loaded: 0)
System memory in use before: 119.1 MB.
System memory in use after: 119.3 MB.

Unloading 39 unused Assets to reduce memory usage. Loaded Objects now: 3658.
Total: 5.969500 ms (FindLiveObjects: 0.300700 ms CreateObjectMapping: 0.225900 ms MarkObjects: 5.317300 ms  DeleteObjects: 0.124700 ms)

AssetImportParameters requested are different than current active one (requested -> active):
  custom:graphics/normal-map-encoding: 01000000000000000000000000000000 -> 02000000000000000000000000000000
========================================================================
Received Prepare
Registering precompiled user dll's ...
Registered in 0.003431 seconds.
Begin MonoManager ReloadAssembly
Native extension for WindowsStandalone target not found
Native extension for OSXStandalone target not found
Native extension for WebGL target not found
Refreshing native plugins compatible for Editor in 0.79 ms, found 1 plugins.
Preloading 0 native plugins for Editor in 0.00 ms.
Mono: successfully reloaded assembly
- Completed reload, in  0.901 seconds
Platform modules already initialized, skipping
Switching build target platform(19) subTarget(0) extendedPlatform(0) -> platform(13) subTarget(537395200) extendedPlatform(0)
Refreshing native plugins compatible for Editor in 0.74 ms, found 1 plugins.
Preloading 0 native plugins for Editor in 0.00 ms.
Unloading 3202 Unused Serialized files (Serialized files now loaded: 0)
System memory in use before: 119.1 MB.
System memory in use after: 119.3 MB.

Unloading 39 unused Assets to reduce memory usage. Loaded Objects now: 3661.
Total: 5.457700 ms (FindLiveObjects: 0.379400 ms CreateObjectMapping: 0.183100 ms MarkObjects: 4.847800 ms  DeleteObjects: 0.046500 ms)

AssetImportParameters requested are different than current active one (requested -> active):
  custom:graphics/normal-map-encoding: 01000000000000000000000000000000 -> 02000000000000000000000000000000
========================================================================
Received Import Request.
  Time since last request: 171.770420 seconds.
  path: Assets/Prefabs/FoodDispenser.prefab
  artifactKey: Guid(7256864acfd42704f8d02ee09edcdbba) Importer(815301076,1909f56bfc062723c751e8b465ee728b)
Start importing Assets/Prefabs/FoodDispenser.prefab using Guid(7256864acfd42704f8d02ee09edcdbba) Importer(815301076,1909f56bfc062723c751e8b465ee728b)  -> (artifact id: '34f60770d11e43a6b01fc7f0a8aa2795') in 0.063929 seconds 
========================================================================
Received Prepare
Registering precompiled user dll's ...
Registered in 0.003417 seconds.
Begin MonoManager ReloadAssembly
Native extension for WindowsStandalone target not found
Native extension for OSXStandalone target not found
Native extension for WebGL target not found
Refreshing native plugins compatible for Editor in 0.76 ms, found 1 plugins.
Preloading 0 native plugins for Editor in 0.00 ms.
Mono: successfully reloaded assembly
- Completed reload, in  0.965 seconds
Platform modules already initialized, skipping
Switching build target platform(19) subTarget(0) extendedPlatform(0) -> platform(13) subTarget(537395200) extendedPlatform(0)
Refreshing native plugins compatible for Editor in 0.78 ms, found 1 plugins.
Preloading 0 native plugins for Editor in 0.00 ms.
Unloading 3202 Unused Serialized files (Serialized files now loaded: 0)
System memory in use before: 119.2 MB.
System memory in use after: 119.4 MB.

Unloading 39 unused Assets to reduce memory usage. Loaded Objects now: 3665.
Total: 6.557900 ms (FindLiveObjects: 0.833500 ms CreateObjectMapping: 0.369900 ms MarkObjects: 5.292300 ms  DeleteObjects: 0.060100 ms)

AssetImportParameters requested are different than current active one (requested -> active):
  custom:graphics/normal-map-encoding: 01000000000000000000000000000000 -> 02000000000000000000000000000000
========================================================================
Received Prepare
Registering precompiled user dll's ...
Registered in 0.003502 seconds.
Begin MonoManager ReloadAssembly
Native extension for WindowsStandalone target not found
Native extension for OSXStandalone target not found
Native extension for WebGL target not found
Refreshing native plugins compatible for Editor in 0.74 ms, found 1 plugins.
Preloading 0 native plugins for Editor in 0.00 ms.
Mono: successfully reloaded assembly
- Completed reload, in  0.917 seconds
Platform modules already initialized, skipping
Switching build target platform(19) subTarget(0) extendedPlatform(0) -> platform(13) subTarget(537395200) extendedPlatform(0)
Refreshing native plugins compatible for Editor in 0.92 ms, found 1 plugins.
Preloading 0 native plugins for Editor in 0.00 ms.
Unloading 3202 Unused Serialized files (Serialized files now loaded: 0)
System memory in use before: 119.2 MB.
System memory in use after: 119.4 MB.

Unloading 39 unused Assets to reduce memory usage. Loaded Objects now: 3668.
Total: 6.170100 ms (FindLiveObjects: 0.410600 ms CreateObjectMapping: 0.204700 ms MarkObjects: 5.503400 ms  DeleteObjects: 0.049500 ms)

AssetImportParameters requested are different than current active one (requested -> active):
  custom:graphics/normal-map-encoding: 01000000000000000000000000000000 -> 02000000000000000000000000000000
========================================================================
Received Prepare
Registering precompiled user dll's ...
Registered in 0.003621 seconds.
Begin MonoManager ReloadAssembly
Native extension for WindowsStandalone target not found
Native extension for OSXStandalone target not found
Native extension for WebGL target not found
Refreshing native plugins compatible for Editor in 0.94 ms, found 1 plugins.
Preloading 0 native plugins for Editor in 0.00 ms.
Mono: successfully reloaded assembly
- Completed reload, in  0.931 seconds
Platform modules already initialized, skipping
Switching build target platform(19) subTarget(0) extendedPlatform(0) -> platform(13) subTarget(537395200) extendedPlatform(0)
Refreshing native plugins compatible for Editor in 0.85 ms, found 1 plugins.
Preloading 0 native plugins for Editor in 0.00 ms.
Unloading 3202 Unused Serialized files (Serialized files now loaded: 0)
System memory in use before: 119.2 MB.
System memory in use after: 119.4 MB.

Unloading 39 unused Assets to reduce memory usage. Loaded Objects now: 3671.
Total: 6.371900 ms (FindLiveObjects: 0.361000 ms CreateObjectMapping: 0.194800 ms MarkObjects: 5.747800 ms  DeleteObjects: 0.066500 ms)

AssetImportParameters requested are different than current active one (requested -> active):
  custom:graphics/normal-map-encoding: 01000000000000000000000000000000 -> 02000000000000000000000000000000
========================================================================
Received Prepare
Registering precompiled user dll's ...
Registered in 0.003322 seconds.
Begin MonoManager ReloadAssembly
Native extension for WindowsStandalone target not found
Native extension for OSXStandalone target not found
Native extension for WebGL target not found
Refreshing native plugins compatible for Editor in 0.75 ms, found 1 plugins.
Preloading 0 native plugins for Editor in 0.00 ms.
Mono: successfully reloaded assembly
- Completed reload, in  0.886 seconds
Platform modules already initialized, skipping
Switching build target platform(19) subTarget(0) extendedPlatform(0) -> platform(13) subTarget(537395200) extendedPlatform(0)
Refreshing native plugins compatible for Editor in 0.75 ms, found 1 plugins.
Preloading 0 native plugins for Editor in 0.00 ms.
Unloading 3202 Unused Serialized files (Serialized files now loaded: 0)
System memory in use before: 119.2 MB.
System memory in use after: 119.4 MB.

Unloading 39 unused Assets to reduce memory usage. Loaded Objects now: 3674.
Total: 5.348500 ms (FindLiveObjects: 0.426800 ms CreateObjectMapping: 0.205100 ms MarkObjects: 4.663600 ms  DeleteObjects: 0.052300 ms)

AssetImportParameters requested are different than current active one (requested -> active):
  custom:graphics/normal-map-encoding: 01000000000000000000000000000000 -> 02000000000000000000000000000000
========================================================================
Received Prepare
Registering precompiled user dll's ...
Registered in 0.003309 seconds.
Begin MonoManager ReloadAssembly
Native extension for WindowsStandalone target not found
Native extension for OSXStandalone target not found
Native extension for WebGL target not found
Refreshing native plugins compatible for Editor in 0.74 ms, found 1 plugins.
Preloading 0 native plugins for Editor in 0.00 ms.
Mono: successfully reloaded assembly
- Completed reload, in  0.896 seconds
Platform modules already initialized, skipping
Switching build target platform(19) subTarget(0) extendedPlatform(0) -> platform(13) subTarget(537395200) extendedPlatform(0)
Refreshing native plugins compatible for Editor in 0.76 ms, found 1 plugins.
Preloading 0 native plugins for Editor in 0.00 ms.
Unloading 3202 Unused Serialized files (Serialized files now loaded: 0)
System memory in use before: 119.2 MB.
System memory in use after: 119.4 MB.

Unloading 39 unused Assets to reduce memory usage. Loaded Objects now: 3677.
Total: 5.271600 ms (FindLiveObjects: 0.348800 ms CreateObjectMapping: 0.201900 ms MarkObjects: 4.667400 ms  DeleteObjects: 0.051900 ms)

AssetImportParameters requested are different than current active one (requested -> active):
  custom:graphics/normal-map-encoding: 01000000000000000000000000000000 -> 02000000000000000000000000000000
========================================================================
Received Prepare
Registering precompiled user dll's ...
Registered in 0.003528 seconds.
Begin MonoManager ReloadAssembly
Native extension for WindowsStandalone target not found
Native extension for OSXStandalone target not found
Native extension for WebGL target not found
Refreshing native plugins compatible for Editor in 0.77 ms, found 1 plugins.
Preloading 0 native plugins for Editor in 0.00 ms.
Mono: successfully reloaded assembly
- Completed reload, in  0.955 seconds
Platform modules already initialized, skipping
Switching build target platform(19) subTarget(0) extendedPlatform(0) -> platform(13) subTarget(537395200) extendedPlatform(0)
Refreshing native plugins compatible for Editor in 0.82 ms, found 1 plugins.
Preloading 0 native plugins for Editor in 0.00 ms.
Unloading 3202 Unused Serialized files (Serialized files now loaded: 0)
System memory in use before: 119.2 MB.
System memory in use after: 119.4 MB.

Unloading 39 unused Assets to reduce memory usage. Loaded Objects now: 3680.
Total: 6.106000 ms (FindLiveObjects: 0.400100 ms CreateObjectMapping: 0.188000 ms MarkObjects: 5.455000 ms  DeleteObjects: 0.061700 ms)

AssetImportParameters requested are different than current active one (requested -> active):
  custom:graphics/normal-map-encoding: 01000000000000000000000000000000 -> 02000000000000000000000000000000
========================================================================
Received Prepare
Registering precompiled user dll's ...
Registered in 0.003477 seconds.
Begin MonoManager ReloadAssembly
Native extension for WindowsStandalone target not found
Native extension for OSXStandalone target not found
Native extension for WebGL target not found
Refreshing native plugins compatible for Editor in 0.79 ms, found 1 plugins.
Preloading 0 native plugins for Editor in 0.00 ms.
Mono: successfully reloaded assembly
- Completed reload, in  0.959 seconds
Platform modules already initialized, skipping
Switching build target platform(19) subTarget(0) extendedPlatform(0) -> platform(13) subTarget(537395200) extendedPlatform(0)
Refreshing native plugins compatible for Editor in 0.86 ms, found 1 plugins.
Preloading 0 native plugins for Editor in 0.00 ms.
Unloading 3202 Unused Serialized files (Serialized files now loaded: 0)
System memory in use before: 119.2 MB.
System memory in use after: 119.4 MB.

Unloading 39 unused Assets to reduce memory usage. Loaded Objects now: 3683.
Total: 6.255300 ms (FindLiveObjects: 0.442100 ms CreateObjectMapping: 0.203000 ms MarkObjects: 5.531800 ms  DeleteObjects: 0.076800 ms)

AssetImportParameters requested are different than current active one (requested -> active):
  custom:graphics/normal-map-encoding: 01000000000000000000000000000000 -> 02000000000000000000000000000000
========================================================================
Received Prepare
Registering precompiled user dll's ...
Registered in 0.003452 seconds.
Begin MonoManager ReloadAssembly
Native extension for WindowsStandalone target not found
Native extension for OSXStandalone target not found
Native extension for WebGL target not found
Refreshing native plugins compatible for Editor in 0.78 ms, found 1 plugins.
Preloading 0 native plugins for Editor in 0.00 ms.
Mono: successfully reloaded assembly
- Completed reload, in  0.988 seconds
Platform modules already initialized, skipping
Switching build target platform(19) subTarget(0) extendedPlatform(0) -> platform(13) subTarget(537395200) extendedPlatform(0)
Refreshing native plugins compatible for Editor in 0.83 ms, found 1 plugins.
Preloading 0 native plugins for Editor in 0.00 ms.
Unloading 3202 Unused Serialized files (Serialized files now loaded: 0)
System memory in use before: 119.2 MB.
System memory in use after: 119.4 MB.

Unloading 39 unused Assets to reduce memory usage. Loaded Objects now: 3686.
Total: 5.824000 ms (FindLiveObjects: 0.377600 ms CreateObjectMapping: 0.209100 ms MarkObjects: 5.166200 ms  DeleteObjects: 0.070000 ms)

AssetImportParameters requested are different than current active one (requested -> active):
  custom:graphics/normal-map-encoding: 01000000000000000000000000000000 -> 02000000000000000000000000000000
========================================================================
Received Prepare
Registering precompiled user dll's ...
Registered in 0.003415 seconds.
Begin MonoManager ReloadAssembly
Native extension for WindowsStandalone target not found
Native extension for OSXStandalone target not found
Native extension for WebGL target not found
Refreshing native plugins compatible for Editor in 0.76 ms, found 1 plugins.
Preloading 0 native plugins for Editor in 0.00 ms.
Mono: successfully reloaded assembly
- Completed reload, in  0.937 seconds
Platform modules already initialized, skipping
Switching build target platform(19) subTarget(0) extendedPlatform(0) -> platform(13) subTarget(537395200) extendedPlatform(0)
Refreshing native plugins compatible for Editor in 0.74 ms, found 1 plugins.
Preloading 0 native plugins for Editor in 0.00 ms.
Unloading 3202 Unused Serialized files (Serialized files now loaded: 0)
System memory in use before: 119.2 MB.
System memory in use after: 119.4 MB.

Unloading 39 unused Assets to reduce memory usage. Loaded Objects now: 3689.
Total: 5.996600 ms (FindLiveObjects: 0.554100 ms CreateObjectMapping: 0.244000 ms MarkObjects: 5.138500 ms  DeleteObjects: 0.057900 ms)

AssetImportParameters requested are different than current active one (requested -> active):
  custom:graphics/normal-map-encoding: 01000000000000000000000000000000 -> 02000000000000000000000000000000
========================================================================
Received Import Request.
  Time since last request: 953.193191 seconds.
  path: Assets/Animators/Ramp.controller
  artifactKey: Guid(f4e0e5a5952f55e4cb9a13eb8263e983) Importer(815301076,1909f56bfc062723c751e8b465ee728b)
Start importing Assets/Animators/Ramp.controller using Guid(f4e0e5a5952f55e4cb9a13eb8263e983) Importer(815301076,1909f56bfc062723c751e8b465ee728b)  -> (artifact id: 'c13c40c54f2ecca7a602513f70249449') in 0.021347 seconds 
========================================================================
Received Import Request.
  Time since last request: 6.680798 seconds.
  path: Assets/Animators/FoodToss2.controller
  artifactKey: Guid(a871e7a527c68d849879f25f7a29d2a2) Importer(815301076,1909f56bfc062723c751e8b465ee728b)
Start importing Assets/Animators/FoodToss2.controller using Guid(a871e7a527c68d849879f25f7a29d2a2) Importer(815301076,1909f56bfc062723c751e8b465ee728b)  -> (artifact id: '0ff3a20b4d3dcd2e7021ee3481bfe877') in 0.006357 seconds 
========================================================================
Received Prepare
Registering precompiled user dll's ...
Registered in 0.003546 seconds.
Begin MonoManager ReloadAssembly
Native extension for WindowsStandalone target not found
Native extension for OSXStandalone target not found
Native extension for WebGL target not found
Refreshing native plugins compatible for Editor in 1.33 ms, found 1 plugins.
Preloading 0 native plugins for Editor in 0.00 ms.
Mono: successfully reloaded assembly
- Completed reload, in  0.951 seconds
Platform modules already initialized, skipping
Switching build target platform(19) subTarget(0) extendedPlatform(0) -> platform(13) subTarget(537395200) extendedPlatform(0)
Refreshing native plugins compatible for Editor in 0.87 ms, found 1 plugins.
Preloading 0 native plugins for Editor in 0.00 ms.
Unloading 3202 Unused Serialized files (Serialized files now loaded: 0)
System memory in use before: 119.3 MB.
System memory in use after: 119.5 MB.

Unloading 39 unused Assets to reduce memory usage. Loaded Objects now: 3692.
Total: 5.786400 ms (FindLiveObjects: 0.483500 ms CreateObjectMapping: 0.209500 ms MarkObjects: 5.027700 ms  DeleteObjects: 0.063700 ms)

AssetImportParameters requested are different than current active one (requested -> active):
  custom:graphics/normal-map-encoding: 01000000000000000000000000000000 -> 02000000000000000000000000000000
AssetImportWorkerClient::OnTransportError - code=2 error=End of file
